<?xml version="1.0" encoding="utf-8"?><testsuites name="pytest tests"><testsuite name="pytest" errors="0" failures="0" skipped="0" tests="11" time="1.144" timestamp="2026-06-22T07:31:12.518222+00:00" hostname="agent-env-53b87ce0-b6b2-414c-a18a-7a9f4cbf0ba2"><testcase classname="backend.tests.backend_test.TestRoot" name="test_root_returns_message" time="0.314" /><testcase classname="backend.tests.backend_test.TestContactCreate" name="test_create_contact_minimum_fields" time="0.057" /><testcase classname="backend.tests.backend_test.TestContactCreate" name="test_create_contact_all_fields" time="0.095" /><testcase classname="backend.tests.backend_test.TestContactCreate" name="test_create_contact_invalid_email_returns_422" time="0.042" /><testcase classname="backend.tests.backend_test.TestContactCreate" name="test_create_contact_missing_name_returns_422" time="0.056" /><testcase classname="backend.tests.backend_test.TestContactCreate" name="test_create_contact_missing_email_returns_422" time="0.062" /><testcase classname="backend.tests.backend_test.TestContactCreate" name="test_create_contact_missing_message_returns_422" time="0.042" /><testcase classname="backend.tests.backend_test.TestContactCreate" name="test_create_contact_empty_name_returns_422" time="0.052" /><testcase classname="backend.tests.backend_test.TestContactList" name="test_list_contacts_returns_list" time="0.082" /><testcase classname="backend.tests.backend_test.TestContactList" name="test_list_contacts_sorted_desc" time="0.207" /><testcase classname="backend.tests.backend_test.TestContactList" name="test_list_contacts_no_objectid_leak" time="0.054" /></testsuite></testsuites>